{"C:\\Users\\Пользователь\\Desktop\\ajs4.2\\index.js": {"path":"C:\\Users\\Пользователь\\Desktop\\ajs4.2\\index.js","statementMap":{"0":{"start":{"line":1,"column":24},"end":{"line":5,"column":3}},"1":{"start":{"line":8,"column":4},"end":{"line":8,"column":51}},"2":{"start":{"line":8,"column":30},"end":{"line":8,"column":49}}},"fnMap":{"0":{"name":"sortByHealth","decl":{"start":{"line":7,"column":26},"end":{"line":7,"column":38}},"loc":{"start":{"line":7,"column":44},"end":{"line":9,"column":3}},"line":7},"1":{"name":"(anonymous_1)","decl":{"start":{"line":8,"column":20},"end":{"line":8,"column":21}},"loc":{"start":{"line":8,"column":30},"end":{"line":8,"column":49}},"line":8}},"branchMap":{},"s":{"0":1,"1":1,"2":4},"f":{"0":1,"1":4},"b":{},"_coverageSchema":"1a1c01bbd47fc00a2c39e90264f33305004495a9","hash":"7936b8b6b6a02399dca1e3238baef1c77c9f128a"}
}
